<?xml version="1.0" encoding="UTF-8"?>
<!-- Generated by org.testng.reporters.JUnitReportReporter -->
<testsuite skipped="0" hostname="Nikhil" name="com.ibanking.testCases.NewCustomerPageTest" tests="2" failures="0" timestamp="28 Jun 2021 13:38:19 GMT" time="28.198" errors="0">
  <testcase name="createCustomerTest" time="11.236" classname="com.ibanking.testCases.NewCustomerPageTest"/>
  <testcase name="createCustomerTest" time="16.962" classname="com.ibanking.testCases.NewCustomerPageTest"/>
</testsuite> <!-- com.ibanking.testCases.NewCustomerPageTest -->
