<?xml version="1.0" encoding="UTF-8"?>
<!-- Generated by org.testng.reporters.JUnitReportReporter -->
<testsuite skipped="0" hostname="Nikhil" name="com.ibanking.testCases.NewAccountPageTest" tests="2" failures="0" timestamp="28 Jun 2021 15:21:18 GMT" time="19.222" errors="0">
  <testcase name="createAccountTest" time="10.017" classname="com.ibanking.testCases.NewAccountPageTest"/>
  <testcase name="createAccountTest" time="9.205" classname="com.ibanking.testCases.NewAccountPageTest"/>
</testsuite> <!-- com.ibanking.testCases.NewAccountPageTest -->
