<?xml version="1.0" encoding="UTF-8"?>
<!-- Generated by org.testng.reporters.JUnitReportReporter -->
<testsuite skipped="0" hostname="Nikhil" name="com.ibanking.testCases.WithdrawalPageTest" tests="2" failures="0" timestamp="28 Jun 2021 15:57:09 GMT" time="19.786" errors="0">
  <testcase name="depositAmountTest" time="10.388" classname="com.ibanking.testCases.WithdrawalPageTest"/>
  <testcase name="depositAmountTest" time="9.398" classname="com.ibanking.testCases.WithdrawalPageTest"/>
</testsuite> <!-- com.ibanking.testCases.WithdrawalPageTest -->
