<?xml version="1.0" encoding="UTF-8"?>
<!-- Generated by org.testng.reporters.JUnitReportReporter -->
<testsuite skipped="0" hostname="lenovo" name="com.ibanking.testCases.NewCustomerPageTest" tests="1" failures="0" timestamp="21 Jun 2021 15:20:15 GMT" time="10.394" errors="0">
  <testcase name="createCustomerTest" time="10.394" classname="com.ibanking.testCases.NewCustomerPageTest"/>
</testsuite> <!-- com.ibanking.testCases.NewCustomerPageTest -->
