<?xml version="1.0" encoding="UTF-8"?>
<!-- Generated by org.testng.reporters.JUnitReportReporter -->
<testsuite skipped="0" hostname="lenovo" name="com.ibanking.testCases.LoginPageTest" tests="1" failures="0" timestamp="21 Jun 2021 12:37:38 GMT" time="10.485" errors="0">
  <testcase name="loginTest" time="10.485" classname="com.ibanking.testCases.LoginPageTest"/>
</testsuite> <!-- com.ibanking.testCases.LoginPageTest -->
