<?xml version="1.0" encoding="UTF-8"?>
<!-- Generated by org.testng.reporters.JUnitReportReporter -->
<testsuite skipped="0" hostname="Nikhil" name="com.ibanking.testCases.HomePageTest" tests="3" failures="0" timestamp="26 Jun 2021 09:19:49 GMT" time="27.753" errors="0">
  <testcase name="goToNewCustomerTest" time="11.805" classname="com.ibanking.testCases.HomePageTest"/>
  <testcase name="linkTest" time="8.006" classname="com.ibanking.testCases.HomePageTest"/>
  <testcase name="validateManagerIDTest" time="7.942" classname="com.ibanking.testCases.HomePageTest"/>
</testsuite> <!-- com.ibanking.testCases.HomePageTest -->
