<?xml version="1.0" encoding="UTF-8"?>
<!-- Generated by org.testng.reporters.JUnitReportReporter -->
<testsuite skipped="0" hostname="lenovo" name="com.ibanking.testCases.HomePageTest" tests="3" failures="0" timestamp="21 Jun 2021 13:51:07 GMT" time="24.283" errors="0">
  <testcase name="goToNewCustomerTest" time="8.776" classname="com.ibanking.testCases.HomePageTest"/>
  <testcase name="linkTest" time="8.332" classname="com.ibanking.testCases.HomePageTest"/>
  <testcase name="validateManagerIDTest" time="7.175" classname="com.ibanking.testCases.HomePageTest"/>
</testsuite> <!-- com.ibanking.testCases.HomePageTest -->
