<?xml version="1.0" encoding="UTF-8"?>
<!-- Generated by org.testng.reporters.JUnitReportReporter -->
<testsuite skipped="0" hostname="Nikhil" name="com.ibanking.testCases.DepositPageTest" tests="2" failures="0" timestamp="28 Jun 2021 15:49:24 GMT" time="19.655" errors="0">
  <testcase name="depositAmountTest" time="10.695" classname="com.ibanking.testCases.DepositPageTest"/>
  <testcase name="depositAmountTest" time="8.960" classname="com.ibanking.testCases.DepositPageTest"/>
</testsuite> <!-- com.ibanking.testCases.DepositPageTest -->
